<?xml version="1.0" encoding="UTF-8"?>
<testng-results ignored="1" total="2" passed="1" failed="0" skipped="0">
  <reporter-output>
  </reporter-output>
  <suite started-at="2022-03-15T09:08:05 IST" name="Suite" finished-at="2022-03-15T09:09:06 IST" duration-ms="60919">
    <groups>
    </groups>
    <test started-at="2022-03-15T09:08:05 IST" name="Test" finished-at="2022-03-15T09:09:06 IST" duration-ms="60919">
      <class name="tests.RegressionTest">
        <test-method is-config="true" signature="startTest()[pri:0, instance:tests.RegressionTest@393671df]" started-at="2022-03-15T09:08:05 IST" name="startTest" finished-at="2022-03-15T09:08:05 IST" duration-ms="137" status="PASS">
          <reporter-output>
          </reporter-output>
        </test-method> <!-- startTest -->
        <test-method is-config="true" signature="InitiateDriver()[pri:0, instance:tests.RegressionTest@393671df]" started-at="2022-03-15T09:08:05 IST" name="InitiateDriver" finished-at="2022-03-15T09:08:07 IST" duration-ms="1341" status="PASS">
          <reporter-output>
          </reporter-output>
        </test-method> <!-- InitiateDriver -->
        <test-method is-config="true" signature="Initialize(java.lang.reflect.Method)[pri:0, instance:tests.RegressionTest@393671df]" started-at="2022-03-15T09:08:07 IST" name="Initialize" finished-at="2022-03-15T09:08:39 IST" duration-ms="31668" status="PASS">
          <params>
            <param index="0">
              <value>
                <![CDATA[public void tests.RegressionTest.ValidateLoginTest(java.lang.String,java.lang.String)]]>
              </value>
            </param>
          </params>
          <reporter-output>
          </reporter-output>
        </test-method> <!-- Initialize -->
        <test-method signature="ValidateLoginTest(java.lang.String,java.lang.String)[pri:0, instance:tests.RegressionTest@393671df]" started-at="2022-03-15T09:08:39 IST" name="ValidateLoginTest" data-provider="excelData" finished-at="2022-03-15T09:09:06 IST" duration-ms="27139" status="PASS">
          <params>
            <param index="0">
              <value>
                <![CDATA[admin@yourstore.com]]>
              </value>
            </param>
            <param index="1">
              <value>
                <![CDATA[admin]]>
              </value>
            </param>
          </params>
          <reporter-output>
          </reporter-output>
        </test-method> <!-- ValidateLoginTest -->
        <test-method is-config="true" signature="GetResults(org.testng.ITestResult)[pri:0, instance:tests.RegressionTest@393671df]" started-at="2022-03-15T09:09:06 IST" name="GetResults" finished-at="2022-03-15T09:09:06 IST" duration-ms="0" status="PASS">
          <params>
            <param index="0">
              <value>
                <![CDATA[[TestResult name=ValidateLoginTest status=SUCCESS method=RegressionTest.ValidateLoginTest(java.lang.String,java.lang.String)[pri:0, instance:tests.RegressionTest@393671df] output={null}]]]>
              </value>
            </param>
          </params>
          <reporter-output>
          </reporter-output>
        </test-method> <!-- GetResults -->
        <test-method is-config="true" signature="TerminateDriver()[pri:0, instance:tests.RegressionTest@393671df]" started-at="2022-03-15T09:09:06 IST" name="TerminateDriver" finished-at="2022-03-15T09:09:06 IST" duration-ms="125" status="PASS">
          <reporter-output>
          </reporter-output>
        </test-method> <!-- TerminateDriver -->
        <test-method is-config="true" signature="endTest()[pri:0, instance:tests.RegressionTest@393671df]" started-at="2022-03-15T09:09:06 IST" name="endTest" finished-at="2022-03-15T09:09:06 IST" duration-ms="168" status="PASS">
          <reporter-output>
          </reporter-output>
        </test-method> <!-- endTest -->
      </class> <!-- tests.RegressionTest -->
    </test> <!-- Test -->
  </suite> <!-- Suite -->
</testng-results>
