<?xml version="1.0" encoding="UTF-8"?>
<testng-results ignored="1" total="2" passed="1" failed="0" skipped="0">
  <reporter-output>
  </reporter-output>
  <suite started-at="2022-11-06T13:51:12 IST" name="Default suite" finished-at="2022-11-06T13:51:21 IST" duration-ms="8984">
    <groups>
    </groups>
    <test started-at="2022-11-06T13:51:12 IST" name="Default test" finished-at="2022-11-06T13:51:21 IST" duration-ms="8984">
      <class name="tests.RegressionTest">
        <test-method is-config="true" signature="startTest()[pri:0, instance:tests.RegressionTest@f09733f]" started-at="2022-11-06T13:51:12 IST" name="startTest" finished-at="2022-11-06T13:51:12 IST" duration-ms="165" status="PASS">
          <reporter-output>
          </reporter-output>
        </test-method> <!-- startTest -->
        <test-method is-config="true" signature="InitiateDriver()[pri:0, instance:tests.RegressionTest@f09733f]" started-at="2022-11-06T13:51:12 IST" name="InitiateDriver" finished-at="2022-11-06T13:51:13 IST" duration-ms="1582" status="PASS">
          <reporter-output>
          </reporter-output>
        </test-method> <!-- InitiateDriver -->
        <test-method is-config="true" signature="Initialize(java.lang.reflect.Method)[pri:0, instance:tests.RegressionTest@f09733f]" started-at="2022-11-06T13:51:14 IST" name="Initialize" finished-at="2022-11-06T13:51:15 IST" duration-ms="1448" status="PASS">
          <params>
            <param index="0">
              <value>
                <![CDATA[public void tests.RegressionTest.ValidateLoginTest(java.lang.String,java.lang.String)]]>
              </value>
            </param>
          </params>
          <reporter-output>
          </reporter-output>
        </test-method> <!-- Initialize -->
        <test-method signature="ValidateLoginTest(java.lang.String,java.lang.String)[pri:0, instance:tests.RegressionTest@f09733f]" started-at="2022-11-06T13:51:15 IST" name="ValidateLoginTest" data-provider="excelData" finished-at="2022-11-06T13:51:20 IST" duration-ms="5160" status="PASS">
          <params>
            <param index="0">
              <value>
                <![CDATA[admin@yourstore.com]]>
              </value>
            </param>
            <param index="1">
              <value>
                <![CDATA[admin]]>
              </value>
            </param>
          </params>
          <reporter-output>
          </reporter-output>
        </test-method> <!-- ValidateLoginTest -->
        <test-method is-config="true" signature="GetResults(org.testng.ITestResult)[pri:0, instance:tests.RegressionTest@f09733f]" started-at="2022-11-06T13:51:20 IST" name="GetResults" finished-at="2022-11-06T13:51:20 IST" duration-ms="0" status="PASS">
          <params>
            <param index="0">
              <value>
                <![CDATA[[TestResult name=ValidateLoginTest status=SUCCESS method=RegressionTest.ValidateLoginTest(java.lang.String,java.lang.String)[pri:0, instance:tests.RegressionTest@f09733f] output={null}]]]>
              </value>
            </param>
          </params>
          <reporter-output>
          </reporter-output>
        </test-method> <!-- GetResults -->
        <test-method is-config="true" signature="TerminateDriver()[pri:0, instance:tests.RegressionTest@f09733f]" started-at="2022-11-06T13:51:20 IST" name="TerminateDriver" finished-at="2022-11-06T13:51:21 IST" duration-ms="78" status="PASS">
          <reporter-output>
          </reporter-output>
        </test-method> <!-- TerminateDriver -->
        <test-method is-config="true" signature="endTest()[pri:0, instance:tests.RegressionTest@f09733f]" started-at="2022-11-06T13:51:21 IST" name="endTest" finished-at="2022-11-06T13:51:21 IST" duration-ms="176" status="PASS">
          <reporter-output>
          </reporter-output>
        </test-method> <!-- endTest -->
      </class> <!-- tests.RegressionTest -->
    </test> <!-- Default test -->
  </suite> <!-- Default suite -->
</testng-results>
